::1 - - [09/Aug/2022:03:37:20 +0000] "POST /api/v1/users/createUser HTTP/1.1" 404 163
::1 - - [09/Aug/2022:03:37:36 +0000] "POST /api/v1/users/new HTTP/1.1" 500 872
::1 - - [09/Aug/2022:03:46:50 +0000] "POST /api/v1/users/new HTTP/1.1" 200 128
::1 - - [09/Aug/2022:03:48:22 +0000] "POST /api/v1/users/new HTTP/1.1" 200 128
::1 - - [09/Aug/2022:03:50:01 +0000] "POST /api/v1/users/new HTTP/1.1" 200 128
::1 - - [09/Aug/2022:03:50:04 +0000] "POST /api/v1/users/new HTTP/1.1" 200 128
::1 - - [09/Aug/2022:03:50:59 +0000] "POST /api/v1/users/new HTTP/1.1" 200 128
::1 - - [09/Aug/2022:03:51:03 +0000] "POST /api/v1/users/new HTTP/1.1" 500 1344
::1 - - [09/Aug/2022:03:53:21 +0000] "POST /api/v1/users/new HTTP/1.1" 200 128
::1 - - [09/Aug/2022:03:55:15 +0000] "POST /api/v1/users/new HTTP/1.1" 500 614
::1 - - [09/Aug/2022:04:31:01 +0000] "POST /api/v1/users/new HTTP/1.1" 500 1344
::1 - - [09/Aug/2022:04:31:23 +0000] "POST /api/v1/users/new HTTP/1.1" 200 128
::1 - - [09/Aug/2022:04:33:01 +0000] "POST /api/v1/users/new HTTP/1.1" 200 128
::1 - - [09/Aug/2022:04:33:38 +0000] "POST /api/v1/users/new HTTP/1.1" 200 129
::1 - - [09/Aug/2022:04:34:06 +0000] "POST /api/v1/users/new HTTP/1.1" 200 128
::1 - - [09/Aug/2022:04:34:45 +0000] "POST /api/v1/users/new HTTP/1.1" 500 1116
::1 - - [09/Aug/2022:04:34:54 +0000] "POST /api/v1/users/new HTTP/1.1" 500 1116
::1 - - [09/Aug/2022:04:35:11 +0000] "POST /api/v1/users/new HTTP/1.1" 200 130
::1 - - [09/Aug/2022:04:36:48 +0000] "POST /api/v1/users/new HTTP/1.1" 200 130
::1 - - [09/Aug/2022:04:36:52 +0000] "POST /api/v1/users/new HTTP/1.1" 500 132
::1 - - [09/Aug/2022:04:39:26 +0000] "POST /api/v1/users/new HTTP/1.1" 500 59
::1 - - [09/Aug/2022:04:40:06 +0000] "POST /api/v1/users/new HTTP/1.1" 500 132
::1 - - [09/Aug/2022:04:40:42 +0000] "POST /api/v1/users/new HTTP/1.1" 500 132
::1 - - [09/Aug/2022:04:41:33 +0000] "POST /api/v1/users/new HTTP/1.1" 400 57
::1 - - [09/Aug/2022:04:42:07 +0000] "POST /api/v1/users/new HTTP/1.1" 400 57
::1 - - [09/Aug/2022:04:53:54 +0000] "POST /api/v1/users/new HTTP/1.1" 400 66
::1 - - [09/Aug/2022:04:54:12 +0000] "POST /api/v1/users/new HTTP/1.1" 400 67
::1 - - [09/Aug/2022:05:21:19 +0000] "POST /api/v1/tickets/new HTTP/1.1" 400 120
::1 - - [09/Aug/2022:05:22:22 +0000] "POST /api/v1/tickets/new HTTP/1.1" 400 64
::1 - - [09/Aug/2022:05:24:22 +0000] "POST /api/v1/tickets/new HTTP/1.1" 400 61
::1 - - [09/Aug/2022:05:24:49 +0000] "POST /api/v1/tickets/new HTTP/1.1" 400 75
::1 - - [09/Aug/2022:05:25:31 +0000] "POST /api/v1/tickets/new HTTP/1.1" 400 75
::1 - - [09/Aug/2022:05:26:34 +0000] "POST /api/v1/users/new HTTP/1.1" 200 126
::1 - - [09/Aug/2022:05:27:24 +0000] "POST /api/v1/tickets/new HTTP/1.1" 400 75
::1 - - [09/Aug/2022:05:27:36 +0000] "POST /api/v1/users/new HTTP/1.1" 200 128
::1 - - [09/Aug/2022:05:27:42 +0000] "POST /api/v1/tickets/new HTTP/1.1" 400 75
::1 - - [09/Aug/2022:05:27:48 +0000] "POST /api/v1/tickets/new HTTP/1.1" 200 248
::1 - - [09/Aug/2022:06:13:04 +0000] "POST /api/v1/tickets/new HTTP/1.1" 401 41
::1 - - [09/Aug/2022:06:13:16 +0000] "POST /api/v1/tickets/new HTTP/1.1" 401 41
::1 - - [09/Aug/2022:06:13:20 +0000] "POST /api/v1/tickets/new HTTP/1.1" 400 64
::1 - - [09/Aug/2022:06:14:29 +0000] "POST /api/v1/tickets/new HTTP/1.1" 400 64
::1 - - [09/Aug/2022:06:20:52 +0000] "GET /api/v1/tickets HTTP/1.1" 404 153
::1 - - [09/Aug/2022:06:21:13 +0000] "GET /api/v1/tickets HTTP/1.1" 401 41
::1 - - [09/Aug/2022:06:21:42 +0000] "GET /api/v1/tickets HTTP/1.1" 200 263
::1 - - [09/Aug/2022:06:23:36 +0000] "GET /api/v1/tickets?priority=low HTTP/1.1" 200 66
::1 - - [09/Aug/2022:06:23:40 +0000] "GET /api/v1/tickets HTTP/1.1" 200 263
::1 - - [09/Aug/2022:06:24:39 +0000] "POST /api/v1/tickets/new HTTP/1.1" 200 248
::1 - - [09/Aug/2022:06:24:45 +0000] "GET /api/v1/tickets/all HTTP/1.1" 200 263
::1 - - [09/Aug/2022:06:24:51 +0000] "GET /api/v1/tickets HTTP/1.1" 200 263
::1 - - [09/Aug/2022:06:24:54 +0000] "GET /api/v1/tickets?priority=low HTTP/1.1" 200 263
::1 - - [09/Aug/2022:06:24:59 +0000] "GET /api/v1/tickets?priority=lows HTTP/1.1" 200 66
::1 - - [09/Aug/2022:06:26:00 +0000] "GET /api/v1/tickets?priority=high&status=open HTTP/1.1" 200 66
::1 - - [09/Aug/2022:06:26:25 +0000] "GET /api/v1/tickets HTTP/1.1" 200 263
::1 - - [09/Aug/2022:06:26:28 +0000] "GET /api/v1/tickets?status=open HTTP/1.1" 200 263
::1 - - [09/Aug/2022:06:43:14 +0000] "POST /api/v1/tickets/markAsClosed HTTP/1.1" 404 167
::1 - - [09/Aug/2022:06:43:35 +0000] "POST /api/v1/tickets/markAsClosed HTTP/1.1" 400 53
::1 - - [09/Aug/2022:06:43:46 +0000] "POST /api/v1/tickets/markAsClosed HTTP/1.1" 404 60
::1 - - [09/Aug/2022:06:44:05 +0000] "POST /api/v1/tickets/markAsClosed HTTP/1.1" 500 79
::1 - - [09/Aug/2022:06:45:04 +0000] "POST /api/v1/tickets/markAsClosed HTTP/1.1" 401 41
::1 - - [09/Aug/2022:06:45:07 +0000] "POST /api/v1/tickets/markAsClosed HTTP/1.1" 200 263
::1 - - [09/Aug/2022:06:53:16 +0000] "POST /api/v1/tickets/new HTTP/1.1" 400 64
::1 - - [09/Aug/2022:06:53:22 +0000] "POST /api/v1/tickets/new HTTP/1.1" 200 248
::1 - - [09/Aug/2022:06:54:26 +0000] "POST /api/v1/tickets/new HTTP/1.1" 400 64
::1 - - [09/Aug/2022:06:54:46 +0000] "POST /api/v1/tickets/new HTTP/1.1" 200 249
::1 - - [09/Aug/2022:07:19:10 +0000] "POST /api/v1/tickets/new HTTP/1.1" 400 88
::1 - - [09/Aug/2022:07:19:15 +0000] "POST /api/v1/tickets/new HTTP/1.1" 200 251
::1 - - [09/Aug/2022:07:31:31 +0000] "POST /api/v1/tickets/new HTTP/1.1" 400 64
::1 - - [09/Aug/2022:07:31:43 +0000] "POST /api/v1/tickets/markAsClosed HTTP/1.1" 200 66
::1 - - [09/Aug/2022:07:35:52 +0000] "POST /api/v1/tickets/markAsClosed HTTP/1.1" 200 261
::1 - - [09/Aug/2022:07:36:38 +0000] "POST /api/v1/tickets/markAsClosed HTTP/1.1" 200 261
::1 - - [09/Aug/2022:07:37:45 +0000] "POST /api/v1/tickets/markAsClosed HTTP/1.1" 200 261
::1 - - [09/Aug/2022:07:38:18 +0000] "POST /api/v1/tickets/markAsClosed HTTP/1.1" 200 261
::1 - - [09/Aug/2022:07:39:08 +0000] "POST /api/v1/tickets/markAsClosed HTTP/1.1" 200 261
::1 - - [09/Aug/2022:07:41:00 +0000] "POST /api/v1/tickets/markAsClosed HTTP/1.1" 200 261
::1 - - [09/Aug/2022:07:43:23 +0000] "POST /api/v1/tickets/markAsClosed HTTP/1.1" 200 261
::1 - - [09/Aug/2022:07:44:28 +0000] "POST /api/v1/tickets/markAsClosed HTTP/1.1" 200 261
::1 - - [09/Aug/2022:07:45:36 +0000] "POST /api/v1/tickets/markAsClosed HTTP/1.1" 200 261
::1 - - [09/Aug/2022:07:48:58 +0000] "POST /api/v1/tickets/markAsClosed HTTP/1.1" 200 261
::1 - - [09/Aug/2022:08:00:47 +0000] "POST /api/v1/tickets/markAsClosed HTTP/1.1" 401 41
::1 - - [09/Aug/2022:08:00:51 +0000] "POST /api/v1/tickets/markAsClosed HTTP/1.1" 400 481
::1 - - [09/Aug/2022:08:01:28 +0000] "POST /api/v1/tickets/markAsClosed HTTP/1.1" 400 482
::1 - - [09/Aug/2022:08:03:02 +0000] "POST /api/v1/tickets/markAsClosed HTTP/1.1" 401 41
::1 - - [09/Aug/2022:08:03:29 +0000] "POST /api/v1/users/new HTTP/1.1" 400 67
::1 - - [09/Aug/2022:08:03:35 +0000] "POST /api/v1/users/new HTTP/1.1" 200 126
::1 - - [09/Aug/2022:08:03:58 +0000] "POST /api/v1/tickets/markAsClosed HTTP/1.1" 400 482
::1 - - [09/Aug/2022:08:04:28 +0000] "POST /api/v1/tickets/markAsClosed HTTP/1.1" 400 482
::1 - - [09/Aug/2022:08:04:39 +0000] "POST /api/v1/tickets/markAsClosed HTTP/1.1" 404 84
::1 - - [09/Aug/2022:08:04:43 +0000] "POST /api/v1/tickets/markAsClosed HTTP/1.1" 400 482
::1 - - [09/Aug/2022:08:04:53 +0000] "POST /api/v1/tickets/markAsClosed HTTP/1.1" 400 281
::1 - - [09/Aug/2022:08:05:12 +0000] "POST /api/v1/users/new HTTP/1.1" 200 128
::1 - - [09/Aug/2022:08:05:39 +0000] "POST /api/v1/tickets/markAsClosed HTTP/1.1" 400 281
::1 - - [09/Aug/2022:08:05:41 +0000] "POST /api/v1/tickets/markAsClosed HTTP/1.1" 400 281
::1 - - [09/Aug/2022:08:06:50 +0000] "POST /api/v1/tickets/markAsClosed HTTP/1.1" 400 281
::1 - - [09/Aug/2022:08:08:08 +0000] "POST /api/v1/tickets/markAsClosed HTTP/1.1" 400 281
::1 - - [09/Aug/2022:08:08:44 +0000] "POST /api/v1/tickets/markAsClosed HTTP/1.1" 400 281
::1 - - [09/Aug/2022:08:10:11 +0000] "POST /api/v1/tickets/markAsClosed HTTP/1.1" 400 75
::1 - - [09/Aug/2022:08:11:49 +0000] "POST /api/v1/tickets/markAsClosed HTTP/1.1" 400 75
::1 - - [09/Aug/2022:08:11:54 +0000] "POST /api/v1/tickets/markAsClosed HTTP/1.1" 400 281
::1 - - [09/Aug/2022:08:12:05 +0000] "POST /api/v1/tickets/markAsClosed HTTP/1.1" 400 64
::1 - - [09/Aug/2022:08:12:14 +0000] "POST /api/v1/tickets/markAsClosed HTTP/1.1" 400 281
::1 - - [09/Aug/2022:08:12:22 +0000] "POST /api/v1/tickets/markAsClosed HTTP/1.1" 200 262
::1 - - [09/Aug/2022:08:13:21 +0000] "POST /api/v1/tickets/markAsClosed HTTP/1.1" 400 52
::1 - - [09/Aug/2022:08:24:54 +0000] "POST /api/v1/tickets/markAsClosed HTTP/1.1" 400 52
::1 - - [09/Aug/2022:08:25:13 +0000] "POST /api/v1/tickets/delete HTTP/1.1" 401 49
::1 - - [09/Aug/2022:08:25:20 +0000] "POST /api/v1/tickets/delete HTTP/1.1" 400 60
::1 - - [09/Aug/2022:08:25:56 +0000] "POST /api/v1/tickets/delete HTTP/1.1" 401 49
::1 - - [09/Aug/2022:08:26:31 +0000] "POST /api/v1/tickets/delete HTTP/1.1" 200 263
::1 - - [09/Aug/2022:08:31:59 +0000] "POST /api/v1/users/new HTTP/1.1" 200 128
::1 - - [09/Aug/2022:08:32:26 +0000] "POST /api/v1/users/new HTTP/1.1" 200 126
::1 - - [09/Aug/2022:08:32:48 +0000] "POST /api/v1/tickets/new HTTP/1.1" 200 251
::1 - - [09/Aug/2022:08:32:57 +0000] "POST /api/v1/tickets/new HTTP/1.1" 200 249
::1 - - [09/Aug/2022:08:33:10 +0000] "GET /api/v1/tickets/all HTTP/1.1" 200 465
::1 - - [09/Aug/2022:08:33:19 +0000] "POST /api/v1/tickets/markAsClosed HTTP/1.1" 400 64
::1 - - [09/Aug/2022:08:33:31 +0000] "POST /api/v1/tickets/markAsClosed HTTP/1.1" 400 75
::1 - - [09/Aug/2022:08:33:46 +0000] "POST /api/v1/tickets/markAsClosed HTTP/1.1" 200 262
::1 - - [09/Aug/2022:08:33:51 +0000] "POST /api/v1/tickets/delete HTTP/1.1" 200 264
::1 - - [09/Aug/2022:08:34:00 +0000] "POST /api/v1/tickets/delete HTTP/1.1" 200 263
::1 - - [09/Aug/2022:08:34:02 +0000] "POST /api/v1/tickets/delete HTTP/1.1" 400 60
::1 - - [09/Aug/2022:08:34:06 +0000] "POST /api/v1/tickets/delete HTTP/1.1" 400 60
::1 - - [09/Aug/2022:08:35:03 +0000] "POST /api/v1/tickets/new HTTP/1.1" 200 249
::1 - - [09/Aug/2022:08:35:05 +0000] "POST /api/v1/tickets/new HTTP/1.1" 200 249
::1 - - [09/Aug/2022:08:35:10 +0000] "POST /api/v1/tickets/markAsClosed HTTP/1.1" 400 64
::1 - - [09/Aug/2022:08:35:13 +0000] "POST /api/v1/tickets/markAsClosed HTTP/1.1" 200 262
::1 - - [09/Aug/2022:08:35:21 +0000] "POST /api/v1/tickets/delete HTTP/1.1" 200 262
::1 - - [09/Aug/2022:08:36:14 +0000] "POST /api/v1/tickets/delete HTTP/1.1" 400 60
::1 - - [09/Aug/2022:08:36:29 +0000] "POST /api/v1/tickets/delete HTTP/1.1" 200 263
